<?xml version="1.0" encoding="utf-8"?><testsuites name="pytest tests"><testsuite name="pytest" errors="0" failures="0" skipped="0" tests="18" time="12.817" timestamp="2026-05-06T12:31:26.974598+00:00" hostname="agent-env-6c3d3368-1eb9-48b7-a38e-46c79a4f0ba3"><testcase classname="tests.test_sprint1c_identity_runtime.TestLogin" name="test_admin_login_shape_and_jwt_claims" time="2.043" /><testcase classname="tests.test_sprint1c_identity_runtime.TestLogin" name="test_login_wrong_password" time="0.600" /><testcase classname="tests.test_sprint1c_identity_runtime.TestRegister" name="test_register_provider_owner_creates_inspector_account" time="0.509" /><testcase classname="tests.test_sprint1c_identity_runtime.TestRegister" name="test_register_customer_no_capabilities" time="0.588" /><testcase classname="tests.test_sprint1c_identity_runtime.TestRegister" name="test_register_duplicate_email_returns_409" time="0.970" /><testcase classname="tests.test_sprint1c_identity_runtime.TestMe" name="test_me_with_valid_token" time="1.146" /><testcase classname="tests.test_sprint1c_identity_runtime.TestMe" name="test_me_without_token_401" time="0.386" /><testcase classname="tests.test_sprint1c_identity_runtime.TestMe" name="test_me_invalid_token_401" time="0.837" /><testcase classname="tests.test_sprint1c_identity_runtime.TestMe" name="test_me_expired_token_401" time="0.362" /><testcase classname="tests.test_sprint1c_identity_runtime.TestSwitchAccount" name="test_switch_without_token_401" time="0.737" /><testcase classname="tests.test_sprint1c_identity_runtime.TestSwitchAccount" name="test_switch_foreign_account_403" time="1.918" /><testcase classname="tests.test_sprint1c_identity_runtime.TestSwitchAccount" name="test_switch_own_account_success" time="0.383" /><testcase classname="tests.test_sprint1c_identity_runtime.TestSmoke" name="test_health" time="0.378" /><testcase classname="tests.test_sprint1c_identity_runtime.TestSmoke" name="test_admin_panel_static" time="0.376" /><testcase classname="tests.test_sprint1c_identity_runtime.TestSmoke" name="test_web_app_static" time="0.398" /><testcase classname="tests.test_sprint1c_identity_runtime.TestSmoke" name="test_cities" time="0.402" /><testcase classname="tests.test_sprint1c_identity_runtime.TestSmoke" name="test_marketplace_providers" time="0.509" /><testcase classname="tests.test_sprint1c_identity_runtime.TestSingleCapabilityResolver" name="test_v1_delegates_to_v2" time="0.180" /></testsuite></testsuites>