<?xml version="1.0" encoding="utf-8"?><testsuites name="pytest tests"><testsuite name="pytest" errors="0" failures="1" skipped="0" tests="17" time="7.164" timestamp="2026-05-06T12:56:58.713752+00:00" hostname="agent-env-6c3d3368-1eb9-48b7-a38e-46c79a4f0ba3"><testcase classname="tests.test_sprint1d1_inspector_gate.TestCapabilityGateNegative" name="test_no_token_401" time="0.676" /><testcase classname="tests.test_sprint1d1_inspector_gate.TestCapabilityGateNegative" name="test_admin_token_403" time="0.525" /><testcase classname="tests.test_sprint1d1_inspector_gate.TestCapabilityGateNegative" name="test_customer_token_403" time="0.445" /><testcase classname="tests.test_sprint1d1_inspector_gate.TestCapabilityGateNegative" name="test_all_gated_endpoints_403_for_customer" time="1.220" /><testcase classname="tests.test_sprint1d1_inspector_gate.TestCapabilityGatePositive" name="test_provider_can_list_jobs" time="0.527" /><testcase classname="tests.test_sprint1d1_inspector_gate.TestCapabilityGatePositive" name="test_provider_can_get_checklist" time="0.169" /><testcase classname="tests.test_sprint1d1_inspector_gate.TestLifecycleDualWrite" name="test_full_lifecycle_with_dual_write" time="0.811"><failure message="AssertionError: BUG: claim response missing inspectorAccountId — router does `if isinstance(res, dict)` but svc.claim_job returns a Pydantic InspectionJobOut, so the field is silently dropped. Mongo persistence is OK; only the response shape regresses against spec.&#10;assert False">E   AssertionError: BUG: claim response missing inspectorAccountId — router does `if isinstance(res, dict)` but svc.claim_job returns a Pydantic InspectionJobOut, so the field is silently dropped. Mongo persistence is OK; only the response shape regresses against spec.
    assert False</failure></testcase><testcase classname="tests.test_sprint1d1_inspector_gate.TestLifecycleDualWrite" name="test_cancel_clears_inspector_account_id" time="0.333" /><testcase classname="tests.test_sprint1d1_inspector_gate.TestOwnership" name="test_provider_b_cannot_transition_provider_a_job" time="0.605" /><testcase classname="tests.test_sprint1d1_inspector_gate.TestSmokeNonRegression" name="test_health" time="0.111" /><testcase classname="tests.test_sprint1d1_inspector_gate.TestSmokeNonRegression" name="test_cities" time="0.100" /><testcase classname="tests.test_sprint1d1_inspector_gate.TestSmokeNonRegression" name="test_marketplace_providers" time="0.145" /><testcase classname="tests.test_sprint1d1_inspector_gate.TestSmokeNonRegression" name="test_admin_panel_root" time="0.122" /><testcase classname="tests.test_sprint1d1_inspector_gate.TestSmokeNonRegression" name="test_web_app_root" time="0.112" /><testcase classname="tests.test_sprint1d1_inspector_gate.TestSmokeNonRegression" name="test_login_admin" time="0.343" /><testcase classname="tests.test_sprint1d1_inspector_gate.TestSmokeNonRegression" name="test_register_returns_token_and_me_works" time="0.485" /><testcase classname="tests.test_sprint1d1_inspector_gate.TestSmokeNonRegression" name="test_switch_account_works" time="0.274" /></testsuite></testsuites>