<?xml version="1.0" encoding="utf-8"?><testsuites name="pytest tests"><testsuite name="pytest" errors="0" failures="0" skipped="0" tests="126" time="73.649" timestamp="2026-05-06T13:30:44.342908+00:00" hostname="agent-env-6c3d3368-1eb9-48b7-a38e-46c79a4f0ba3"><testcase classname="tests.test_sprint1d2_customer_gate.TestRequireAccountKindHelper" name="test_accepts_customer" time="0.159" /><testcase classname="tests.test_sprint1d2_customer_gate.TestRequireAccountKindHelper" name="test_accepts_multiple" time="0.000" /><testcase classname="tests.test_sprint1d2_customer_gate.TestRequireAccountKindHelper" name="test_raises_on_unknown" time="0.000" /><testcase classname="tests.test_sprint1d2_customer_gate.TestRequireAccountKindHelper" name="test_raises_on_no_kinds" time="0.000" /><testcase classname="tests.test_sprint1d2_customer_gate.TestRequireAccountKindHelper" name="test_in_all" time="0.000" /><testcase classname="tests.test_sprint1d2_customer_gate" name="test_customer_get_anon_401[/api/customer/intelligence]" time="0.028" /><testcase classname="tests.test_sprint1d2_customer_gate" name="test_customer_get_anon_401[/api/customer/favorites]" time="0.030" /><testcase classname="tests.test_sprint1d2_customer_gate" name="test_customer_get_anon_401[/api/customer/repeat-options]" time="0.027" /><testcase classname="tests.test_sprint1d2_customer_gate" name="test_customer_get_anon_401[/api/customer/garage/recommendations]" time="0.027" /><testcase classname="tests.test_sprint1d2_customer_gate" name="test_customer_get_anon_401[/api/customer/recommendations]" time="0.028" /><testcase classname="tests.test_sprint1d2_customer_gate" name="test_customer_get_anon_401[/api/customer/history/summary]" time="0.035" /><testcase classname="tests.test_sprint1d2_customer_gate" name="test_customer_get_anon_401[/api/customer/requests/my]" time="0.027" /><testcase classname="tests.test_sprint1d2_customer_gate" name="test_customer_get_anon_401[/api/customer/reports]" time="0.027" /><testcase classname="tests.test_sprint1d2_customer_gate" name="test_customer_get_anon_401[/api/customer/reports/some-id]" time="0.029" /><testcase classname="tests.test_sprint1d2_customer_gate" name="test_customer_get_anon_401[/api/customer/requests/some-id/reports]" time="0.026" /><testcase classname="tests.test_sprint1d2_customer_gate" name="test_customer_get_anon_401[/api/customer/credits]" time="0.030" /><testcase classname="tests.test_sprint1d2_customer_gate" name="test_customer_get_anon_401[/api/customer/credits/ledger]" time="0.027" /><testcase classname="tests.test_sprint1d2_customer_gate" name="test_customer_get_provider_403[/api/customer/intelligence]" time="0.034" /><testcase classname="tests.test_sprint1d2_customer_gate" name="test_customer_get_provider_403[/api/customer/favorites]" time="0.028" /><testcase classname="tests.test_sprint1d2_customer_gate" name="test_customer_get_provider_403[/api/customer/repeat-options]" time="0.029" /><testcase classname="tests.test_sprint1d2_customer_gate" name="test_customer_get_provider_403[/api/customer/garage/recommendations]" time="0.035" /><testcase classname="tests.test_sprint1d2_customer_gate" name="test_customer_get_provider_403[/api/customer/recommendations]" time="0.028" /><testcase classname="tests.test_sprint1d2_customer_gate" name="test_customer_get_provider_403[/api/customer/history/summary]" time="0.029" /><testcase classname="tests.test_sprint1d2_customer_gate" name="test_customer_get_provider_403[/api/customer/requests/my]" time="0.036" /><testcase classname="tests.test_sprint1d2_customer_gate" name="test_customer_get_provider_403[/api/customer/reports]" time="0.028" /><testcase classname="tests.test_sprint1d2_customer_gate" name="test_customer_get_provider_403[/api/customer/reports/some-id]" time="0.032" /><testcase classname="tests.test_sprint1d2_customer_gate" name="test_customer_get_provider_403[/api/customer/requests/some-id/reports]" time="0.033" /><testcase classname="tests.test_sprint1d2_customer_gate" name="test_customer_get_provider_403[/api/customer/credits]" time="0.029" /><testcase classname="tests.test_sprint1d2_customer_gate" name="test_customer_get_provider_403[/api/customer/credits/ledger]" time="0.029" /><testcase classname="tests.test_sprint1d2_customer_gate" name="test_customer_get_admin_403[/api/customer/intelligence]" time="0.037" /><testcase classname="tests.test_sprint1d2_customer_gate" name="test_customer_get_admin_403[/api/customer/favorites]" time="0.032" /><testcase classname="tests.test_sprint1d2_customer_gate" name="test_customer_get_admin_403[/api/customer/repeat-options]" time="0.030" /><testcase classname="tests.test_sprint1d2_customer_gate" name="test_customer_get_admin_403[/api/customer/garage/recommendations]" time="0.029" /><testcase classname="tests.test_sprint1d2_customer_gate" name="test_customer_get_admin_403[/api/customer/recommendations]" time="0.032" /><testcase classname="tests.test_sprint1d2_customer_gate" name="test_customer_get_admin_403[/api/customer/history/summary]" time="0.028" /><testcase classname="tests.test_sprint1d2_customer_gate" name="test_customer_get_admin_403[/api/customer/requests/my]" time="0.031" /><testcase classname="tests.test_sprint1d2_customer_gate" name="test_customer_get_admin_403[/api/customer/reports]" time="0.033" /><testcase classname="tests.test_sprint1d2_customer_gate" name="test_customer_get_admin_403[/api/customer/reports/some-id]" time="0.027" /><testcase classname="tests.test_sprint1d2_customer_gate" name="test_customer_get_admin_403[/api/customer/requests/some-id/reports]" time="0.027" /><testcase classname="tests.test_sprint1d2_customer_gate" name="test_customer_get_admin_403[/api/customer/credits]" time="0.033" /><testcase classname="tests.test_sprint1d2_customer_gate" name="test_customer_get_admin_403[/api/customer/credits/ledger]" time="0.030" /><testcase classname="tests.test_sprint1d2_customer_gate" name="test_customer_get_customer_passes_gate[/api/customer/intelligence]" time="0.031" /><testcase classname="tests.test_sprint1d2_customer_gate" name="test_customer_get_customer_passes_gate[/api/customer/favorites]" time="0.030" /><testcase classname="tests.test_sprint1d2_customer_gate" name="test_customer_get_customer_passes_gate[/api/customer/repeat-options]" time="0.029" /><testcase classname="tests.test_sprint1d2_customer_gate" name="test_customer_get_customer_passes_gate[/api/customer/garage/recommendations]" time="0.028" /><testcase classname="tests.test_sprint1d2_customer_gate" name="test_customer_get_customer_passes_gate[/api/customer/recommendations]" time="0.032" /><testcase classname="tests.test_sprint1d2_customer_gate" name="test_customer_get_customer_passes_gate[/api/customer/history/summary]" time="0.035" /><testcase classname="tests.test_sprint1d2_customer_gate" name="test_customer_get_customer_passes_gate[/api/customer/requests/my]" time="0.028" /><testcase classname="tests.test_sprint1d2_customer_gate" name="test_customer_get_customer_passes_gate[/api/customer/reports]" time="0.027" /><testcase classname="tests.test_sprint1d2_customer_gate" name="test_customer_get_customer_passes_gate[/api/customer/reports/some-id]" time="0.032" /><testcase classname="tests.test_sprint1d2_customer_gate" name="test_customer_get_customer_passes_gate[/api/customer/requests/some-id/reports]" time="0.033" /><testcase classname="tests.test_sprint1d2_customer_gate" name="test_customer_get_customer_passes_gate[/api/customer/credits]" time="0.028" /><testcase classname="tests.test_sprint1d2_customer_gate" name="test_customer_get_customer_passes_gate[/api/customer/credits/ledger]" time="0.033" /><testcase classname="tests.test_sprint1d2_customer_gate" name="test_customer_post_anon_401[/api/customer/favorites-body0]" time="0.027" /><testcase classname="tests.test_sprint1d2_customer_gate" name="test_customer_post_anon_401[/api/customer/repeat-booking-body1]" time="0.027" /><testcase classname="tests.test_sprint1d2_customer_gate" name="test_customer_post_anon_401[/api/customer/behavior/track-body2]" time="0.030" /><testcase classname="tests.test_sprint1d2_customer_gate" name="test_customer_post_provider_403[/api/customer/favorites-body0]" time="0.034" /><testcase classname="tests.test_sprint1d2_customer_gate" name="test_customer_post_provider_403[/api/customer/repeat-booking-body1]" time="0.028" /><testcase classname="tests.test_sprint1d2_customer_gate" name="test_customer_post_provider_403[/api/customer/behavior/track-body2]" time="0.028" /><testcase classname="tests.test_sprint1d2_customer_gate" name="test_customer_post_admin_403[/api/customer/favorites-body0]" time="0.034" /><testcase classname="tests.test_sprint1d2_customer_gate" name="test_customer_post_admin_403[/api/customer/repeat-booking-body1]" time="0.032" /><testcase classname="tests.test_sprint1d2_customer_gate" name="test_customer_post_admin_403[/api/customer/behavior/track-body2]" time="0.029" /><testcase classname="tests.test_sprint1d2_customer_gate" name="test_customer_delete_anon_401[/api/customer/favorites/some-pid]" time="0.033" /><testcase classname="tests.test_sprint1d2_customer_gate" name="test_customer_delete_provider_403[/api/customer/favorites/some-pid]" time="0.029" /><testcase classname="tests.test_sprint1d2_customer_gate.TestAnonymousFriendly" name="test_packages_list_anon" time="0.026" /><testcase classname="tests.test_sprint1d2_customer_gate.TestAnonymousFriendly" name="test_checkout_anon_accepted" time="0.033" /><testcase classname="tests.test_sprint1d2_customer_gate.TestAnonymousFriendly" name="test_create_request_anon" time="0.027" /><testcase classname="tests.test_sprint1d2_customer_gate.TestPublicReads" name="test_get_request_anon" time="0.028" /><testcase classname="tests.test_sprint1d2_customer_gate.TestPublicReads" name="test_get_request_jobs_anon" time="0.027" /><testcase classname="tests.test_sprint1d2_customer_gate.TestDualWrite" name="test_favorite_dual_write" time="0.043" /><testcase classname="tests.test_sprint1d2_customer_gate.TestDualWrite" name="test_behavior_track_dual_write" time="0.029" /><testcase classname="tests.test_sprint1d2_customer_gate.TestDualWrite" name="test_repeat_booking_dual_write" time="0.029" /><testcase classname="tests.test_sprint1d2_customer_gate.TestDualWrite" name="test_car_request_dual_write_authenticated" time="0.340" /><testcase classname="tests.test_sprint1d2_customer_gate.TestDualWrite" name="test_car_request_anon_no_dual_write" time="0.030" /><testcase classname="tests.test_sprint1d2_customer_gate.TestErrorMessageClarity" name="test_admin_403_on_customer_endpoint_message" time="0.031" /><testcase classname="tests.test_sprint1d2_customer_gate.TestNonRegression" name="test_admin_can_hit_auth_me" time="0.028" /><testcase classname="tests.test_sprint1d2_customer_gate.TestNonRegression" name="test_provider_inspector_jobs" time="0.028" /><testcase classname="tests.test_sprint1d2_customer_gate.TestNonRegression" name="test_health" time="0.026" /><testcase classname="tests.test_sprint1d2_customer_gate.TestNonRegression" name="test_cities" time="0.028" /><testcase classname="tests.test_sprint1d2_customer_gate.TestNonRegression" name="test_marketplace_providers" time="0.032" /><testcase classname="tests.test_sprint1d2_customer_gate.TestNonRegression" name="test_admin_panel" time="0.026" /><testcase classname="tests.test_sprint1d2_customer_gate.TestNonRegression" name="test_web_app" time="0.026" /><testcase classname="tests.test_sprint1c_identity_runtime.TestLogin" name="test_admin_login_shape_and_jwt_claims" time="0.547" /><testcase classname="tests.test_sprint1c_identity_runtime.TestLogin" name="test_login_wrong_password" time="0.288" /><testcase classname="tests.test_sprint1c_identity_runtime.TestRegister" name="test_register_provider_owner_creates_inspector_account" time="0.299" /><testcase classname="tests.test_sprint1c_identity_runtime.TestRegister" name="test_register_customer_no_capabilities" time="0.292" /><testcase classname="tests.test_sprint1c_identity_runtime.TestRegister" name="test_register_duplicate_email_returns_409" time="0.364" /><testcase classname="tests.test_sprint1c_identity_runtime.TestMe" name="test_me_with_valid_token" time="0.369" /><testcase classname="tests.test_sprint1c_identity_runtime.TestMe" name="test_me_without_token_401" time="0.094" /><testcase classname="tests.test_sprint1c_identity_runtime.TestMe" name="test_me_invalid_token_401" time="0.074" /><testcase classname="tests.test_sprint1c_identity_runtime.TestMe" name="test_me_expired_token_401" time="0.083" /><testcase classname="tests.test_sprint1c_identity_runtime.TestSwitchAccount" name="test_switch_without_token_401" time="0.086" /><testcase classname="tests.test_sprint1c_identity_runtime.TestSwitchAccount" name="test_switch_foreign_account_403" time="0.747" /><testcase classname="tests.test_sprint1c_identity_runtime.TestSwitchAccount" name="test_switch_own_account_success" time="0.096" /><testcase classname="tests.test_sprint1c_identity_runtime.TestSmoke" name="test_health" time="0.084" /><testcase classname="tests.test_sprint1c_identity_runtime.TestSmoke" name="test_admin_panel_static" time="0.063" /><testcase classname="tests.test_sprint1c_identity_runtime.TestSmoke" name="test_web_app_static" time="0.073" /><testcase classname="tests.test_sprint1c_identity_runtime.TestSmoke" name="test_cities" time="0.070" /><testcase classname="tests.test_sprint1c_identity_runtime.TestSmoke" name="test_marketplace_providers" time="0.078" /><testcase classname="tests.test_sprint1c_identity_runtime.TestSingleCapabilityResolver" name="test_v1_delegates_to_v2" time="0.001" /><testcase classname="tests.test_sprint1d1_inspector_gate.TestCapabilityGateNegative" name="test_no_token_401" time="0.176" /><testcase classname="tests.test_sprint1d1_inspector_gate.TestCapabilityGateNegative" name="test_admin_token_403" time="0.381" /><testcase classname="tests.test_sprint1d1_inspector_gate.TestCapabilityGateNegative" name="test_customer_token_403" time="58.560" /><testcase classname="tests.test_sprint1d1_inspector_gate.TestCapabilityGateNegative" name="test_all_gated_endpoints_403_for_customer" time="1.054" /><testcase classname="tests.test_sprint1d1_inspector_gate.TestCapabilityGatePositive" name="test_provider_can_list_jobs" time="0.364" /><testcase classname="tests.test_sprint1d1_inspector_gate.TestCapabilityGatePositive" name="test_provider_can_get_checklist" time="0.061" /><testcase classname="tests.test_sprint1d1_inspector_gate.TestLifecycleDualWrite" name="test_full_lifecycle_with_dual_write" time="0.489" /><testcase classname="tests.test_sprint1d1_inspector_gate.TestLifecycleDualWrite" name="test_cancel_clears_inspector_account_id" time="0.218" /><testcase classname="tests.test_sprint1d1_inspector_gate.TestOwnership" name="test_provider_b_cannot_transition_provider_a_job" time="0.437" /><testcase classname="tests.test_sprint1d1_inspector_gate.TestSmokeNonRegression" name="test_health" time="0.061" /><testcase classname="tests.test_sprint1d1_inspector_gate.TestSmokeNonRegression" name="test_cities" time="0.061" /><testcase classname="tests.test_sprint1d1_inspector_gate.TestSmokeNonRegression" name="test_marketplace_providers" time="0.069" /><testcase classname="tests.test_sprint1d1_inspector_gate.TestSmokeNonRegression" name="test_admin_panel_root" time="0.070" /><testcase classname="tests.test_sprint1d1_inspector_gate.TestSmokeNonRegression" name="test_web_app_root" time="0.069" /><testcase classname="tests.test_sprint1d1_inspector_gate.TestSmokeNonRegression" name="test_login_admin" time="0.346" /><testcase classname="tests.test_sprint1d1_inspector_gate.TestSmokeNonRegression" name="test_register_returns_token_and_me_works" time="0.479" /><testcase classname="tests.test_sprint1d1_inspector_gate.TestSmokeNonRegression" name="test_switch_account_works" time="0.294" /><testcase classname="tests.test_sprint1dt_test_infra" name="test_bypass_token_is_configured" time="0.001" /><testcase classname="tests.test_sprint1dt_test_infra" name="test_bypass_lets_through_repeated_register" time="2.027" /><testcase classname="tests.test_sprint1dt_test_infra" name="test_bypass_header_required_in_production_mode" time="0.028" /><testcase classname="tests.test_sprint1dt_test_infra" name="test_admin_token_fixture_works" time="0.283" /><testcase classname="tests.test_sprint1dt_test_infra" name="test_provider_fixtures_work" time="0.287" /><testcase classname="tests.test_sprint1dt_test_infra" name="test_customer_fixtures_work" time="0.285" /><testcase classname="tests.test_sprint1dt_test_infra" name="test_issue_test_jwt_produces_valid_token" time="0.030" /><testcase classname="tests.test_sprint1dt_test_infra" name="test_provider_can_hit_inspector_endpoint" time="0.033" /><testcase classname="tests.test_sprint1dt_test_infra" name="test_customer_blocked_from_inspector_endpoint" time="0.036" /></testsuite></testsuites>